2025-09-19 00:46:59,465 - orchestrator - INFO - Starting SecureDownloadsOrchestrator v2.0
2025-09-19 00:46:59,465 - orchestrator - INFO - Initializing application components...
2025-09-19 00:46:59,465 - orchestrator - WARNING - Source directory does not exist: /tmp/test_watch
2025-09-19 00:46:59,465 - orchestrator - INFO - This is normal for initial setup - directory will be monitored when created
2025-09-19 00:46:59,466 - orchestrator - INFO - Configuration validation passed
2025-09-19 00:46:59,466 - orchestrator - INFO - Directory ready: source -> /tmp/test_watch
2025-09-19 00:46:59,466 - orchestrator - INFO - Directory ready: destination -> /tmp/test_dest
2025-09-19 00:46:59,466 - orchestrator - INFO - Configuration Summary:
2025-09-19 00:46:59,466 - orchestrator - INFO - ----------------------------------------
2025-09-19 00:46:59,466 - orchestrator - INFO - Directory Configuration:
2025-09-19 00:46:59,466 - orchestrator - INFO -   Source: /tmp/test_watch
2025-09-19 00:46:59,466 - orchestrator - INFO -   Destination: /tmp/test_dest
2025-09-19 00:46:59,466 - orchestrator - INFO - File Categories: 1 configured
2025-09-19 00:46:59,466 - orchestrator - INFO -   documents: .pdf, .doc, .docx
2025-09-19 00:46:59,466 - orchestrator - INFO - AI Classification: DISABLED
2025-09-19 00:46:59,466 - orchestrator - INFO - Security Scanning: DISABLED
2025-09-19 00:46:59,466 - orchestrator - INFO - Initializing file monitoring service...
2025-09-19 00:46:59,467 - orchestrator - INFO - Started watching directory: /tmp/test_watch
2025-09-19 00:46:59,467 - orchestrator - INFO - File monitoring service started successfully
2025-09-19 00:46:59,467 - orchestrator - INFO - SecureDownloadsOrchestrator initialized successfully
2025-09-19 00:46:59,467 - orchestrator - INFO - Ready for modular expansion...
2025-09-19 00:46:59,467 - orchestrator - INFO - Current status: Foundation complete - file monitoring active
2025-09-19 00:47:10,059 - orchestrator - INFO - Starting SecureDownloadsOrchestrator v2.0
2025-09-19 00:47:10,059 - orchestrator - INFO - Initializing application components...
2025-09-19 00:47:10,059 - orchestrator - INFO - Configuration validation passed
2025-09-19 00:47:10,059 - orchestrator - INFO - Directory ready: source -> /tmp/test_watch
2025-09-19 00:47:10,059 - orchestrator - INFO - Directory ready: destination -> /tmp/test_dest
2025-09-19 00:47:10,059 - orchestrator - INFO - Configuration Summary:
2025-09-19 00:47:10,059 - orchestrator - INFO - ----------------------------------------
2025-09-19 00:47:10,059 - orchestrator - INFO - Directory Configuration:
2025-09-19 00:47:10,059 - orchestrator - INFO -   Source: /tmp/test_watch
2025-09-19 00:47:10,059 - orchestrator - INFO -   Destination: /tmp/test_dest
2025-09-19 00:47:10,059 - orchestrator - INFO - File Categories: 1 configured
2025-09-19 00:47:10,059 - orchestrator - INFO -   documents: .pdf, .doc, .docx
2025-09-19 00:47:10,059 - orchestrator - INFO - AI Classification: DISABLED
2025-09-19 00:47:10,059 - orchestrator - INFO - Security Scanning: DISABLED
2025-09-19 00:47:10,059 - orchestrator - INFO - Initializing file monitoring service...
2025-09-19 00:47:10,060 - orchestrator - INFO - Started watching directory: /tmp/test_watch
2025-09-19 00:47:10,060 - orchestrator - INFO - File monitoring service started successfully
2025-09-19 00:47:10,060 - orchestrator - INFO - SecureDownloadsOrchestrator initialized successfully
2025-09-19 00:47:10,060 - orchestrator - INFO - Ready for modular expansion...
2025-09-19 00:47:10,060 - orchestrator - INFO - Current status: Foundation complete - file monitoring active
